2022-10-21 20:37:34.484 | INFO     | __main__:<module>:20 - Calling Meta API...
2022-10-21 20:38:04.709 | INFO     | __main__:<module>:20 - Calling Meta API...
2022-10-21 20:38:10.951 | INFO     | __main__:<module>:49 - Last page reached. All done!
2022-10-21 20:39:20.914 | INFO     | __main__:<module>:20 - Calling Meta API...
2022-10-21 20:46:31.366 | INFO     | __main__:<module>:19 - Calling Meta API...
2022-10-21 20:49:06.168 | DEBUG    | __main__:request_ads_handle_errors:20 - ERROR: An unknown error occurred. Sleeping for 15.0 mins. Retries: 0
2022-10-21 21:04:13.083 | INFO     | __main__:<module>:50 - Last page reached. All done!
2022-10-21 21:09:56.263 | INFO     | __main__:<module>:19 - Calling Meta API...
2022-10-21 21:10:08.517 | INFO     | __main__:<module>:19 - Calling Meta API...
2022-10-21 21:16:01.626 | INFO     | __main__:<module>:19 - Calling Meta API...
2022-10-21 21:17:50.599 | INFO     | __main__:<module>:19 - Calling Meta API...
2022-10-21 21:22:04.389 | DEBUG    | __main__:request_ads_handle_errors:17 - ERROR: Please reduce the amount of data you're asking for, then retry your request at https://graph.facebook.com/v15.0/ads_archive?access_token=EAB0JThpjjzABADZB590C8OiCR1DGXReMiztOZCJBoZCVuZA7yDKk3TEEqH86zL4zjEaiEl63nuJXJbJycdUH1dFTVU2S5otBsZA1ZBEO3q9ZBl0dj1BUYsEfezZAA0YWomq7EHGsjOk1Dkm7yeEr9cE2G0hbmYBAtHgNFeIddWIYlAZDZD&search_terms=''&ad_type=POLITICAL_AND_ISSUE_ADS&ad_reached_countries=['DK']&ad_delivery_date_min=2018-05-07&fields=['page_id', 'page_name', 'bylines', 'ad_creative_bodies', 'ad_delivery_start_time', 'ad_delivery_stop_time', 'ad_snapshot_url', 'demographic_distribution', 'delivery_by_region', 'estimated_audience_size', 'publisher_platforms', 'spend', 'currency', 'impressions']&limit=500&after=c2NyYXBpbmdfY3Vyc29yOk1UWTFPVGczTmpRNE1EbzRNRFF4TmpFNU1UQTRNelUzTURrPQZDZD.
Sleeping for 1.0 mins. Retries: 0
2022-10-21 21:27:02.682 | INFO     | __main__:<module>:19 - Calling Meta API...
2022-10-21 21:29:13.936 | DEBUG    | __main__:request_ads_handle_errors:17 - ERROR: An unknown error occurred at https://graph.facebook.com/v15.0/ads_archive?access_token=EAB0JThpjjzABADZB590C8OiCR1DGXReMiztOZCJBoZCVuZA7yDKk3TEEqH86zL4zjEaiEl63nuJXJbJycdUH1dFTVU2S5otBsZA1ZBEO3q9ZBl0dj1BUYsEfezZAA0YWomq7EHGsjOk1Dkm7yeEr9cE2G0hbmYBAtHgNFeIddWIYlAZDZD&search_terms=''&ad_type=POLITICAL_AND_ISSUE_ADS&ad_reached_countries=['DK']&ad_delivery_date_min=2018-05-07&fields=['page_id', 'page_name', 'bylines', 'ad_creative_bodies', 'ad_delivery_start_time', 'ad_delivery_stop_time', 'ad_snapshot_url', 'demographic_distribution', 'delivery_by_region', 'estimated_audience_size', 'publisher_platforms', 'spend', 'currency', 'impressions']&limit=500&after=c2NyYXBpbmdfY3Vyc29yOk1UWTJNemcyT0RjM05EbzBNRGM0TlRJNE1ERTBPVFV3TXpVPQZDZD.
Sleeping for 10.0 mins. Retries: 0
2022-10-21 21:41:00.710 | DEBUG    | __main__:request_ads_handle_errors:17 - ERROR: Please reduce the amount of data you're asking for, then retry your request at https://graph.facebook.com/v15.0/ads_archive?access_token=EAB0JThpjjzABADZB590C8OiCR1DGXReMiztOZCJBoZCVuZA7yDKk3TEEqH86zL4zjEaiEl63nuJXJbJycdUH1dFTVU2S5otBsZA1ZBEO3q9ZBl0dj1BUYsEfezZAA0YWomq7EHGsjOk1Dkm7yeEr9cE2G0hbmYBAtHgNFeIddWIYlAZDZD&search_terms=''&ad_type=POLITICAL_AND_ISSUE_ADS&ad_reached_countries=['DK']&ad_delivery_date_min=2018-05-07&fields=['page_id', 'page_name', 'bylines', 'ad_creative_bodies', 'ad_delivery_start_time', 'ad_delivery_stop_time', 'ad_snapshot_url', 'demographic_distribution', 'delivery_by_region', 'estimated_audience_size', 'publisher_platforms', 'spend', 'currency', 'impressions']&limit=500&after=c2NyYXBpbmdfY3Vyc29yOk1UWTFPVGc0TVRBMU5Eb3hNREV4TlRRME5qVTJNVGt3TkRBNQZDZD.
Sleeping for 10.0 mins. Retries: 0
2022-10-21 22:02:32.380 | DEBUG    | __main__:request_ads_handle_errors:17 - ERROR: Please reduce the amount of data you're asking for, then retry your request at https://graph.facebook.com/v15.0/ads_archive?access_token=EAB0JThpjjzABADZB590C8OiCR1DGXReMiztOZCJBoZCVuZA7yDKk3TEEqH86zL4zjEaiEl63nuJXJbJycdUH1dFTVU2S5otBsZA1ZBEO3q9ZBl0dj1BUYsEfezZAA0YWomq7EHGsjOk1Dkm7yeEr9cE2G0hbmYBAtHgNFeIddWIYlAZDZD&search_terms=''&ad_type=POLITICAL_AND_ISSUE_ADS&ad_reached_countries=['DK']&ad_delivery_date_min=2018-05-07&fields=['page_id', 'page_name', 'bylines', 'ad_creative_bodies', 'ad_delivery_start_time', 'ad_delivery_stop_time', 'ad_snapshot_url', 'demographic_distribution', 'delivery_by_region', 'estimated_audience_size', 'publisher_platforms', 'spend', 'currency', 'impressions']&limit=500&after=c2NyYXBpbmdfY3Vyc29yOk1UWTFOall4TWpBMU9Ub3hNak14TWpnME1USTBNamd3TVRNMgZDZD.
Sleeping for 10.0 mins. Retries: 0
2022-10-21 22:08:05.295 | INFO     | __main__:<module>:19 - Calling Meta API...
2022-10-21 22:09:02.483 | INFO     | __main__:<module>:19 - Calling Meta API...
2022-10-21 22:22:08.452 | DEBUG    | __main__:request_ads_handle_errors:17 - ERROR: Please reduce the amount of data you're asking for, then retry your request at https://graph.facebook.com/v15.0/ads_archive?access_token=EAB0JThpjjzABADZB590C8OiCR1DGXReMiztOZCJBoZCVuZA7yDKk3TEEqH86zL4zjEaiEl63nuJXJbJycdUH1dFTVU2S5otBsZA1ZBEO3q9ZBl0dj1BUYsEfezZAA0YWomq7EHGsjOk1Dkm7yeEr9cE2G0hbmYBAtHgNFeIddWIYlAZDZD&search_terms=''&ad_type=POLITICAL_AND_ISSUE_ADS&ad_reached_countries=['DK']&ad_delivery_date_min=2018-05-07&fields=['page_id', 'page_name', 'bylines', 'ad_creative_bodies', 'ad_delivery_start_time', 'ad_delivery_stop_time', 'ad_snapshot_url', 'demographic_distribution', 'delivery_by_region', 'estimated_audience_size', 'publisher_platforms', 'spend', 'currency', 'impressions']&limit=500&after=c2NyYXBpbmdfY3Vyc29yOk1UWTFNalk0TWpnd01Eb3pNamcyTkRFMU5Ea3pOREkzT0RJPQZDZD.
Sleeping for 20.0 mins. Retries: 0
2022-10-21 22:42:16.334 | DEBUG    | __main__:request_ads_handle_errors:28 - Retries: 1
2022-10-21 23:02:24.481 | DEBUG    | __main__:request_ads_handle_errors:28 - Retries: 2
2022-10-21 23:14:36.066 | INFO     | __main__:<module>:19 - Calling Meta API...
2022-10-21 23:17:14.277 | DEBUG    | __main__:request_ads_handle_errors:17 - ERROR: An unknown error occurred at https://graph.facebook.com/v15.0/ads_archive?access_token=EAB0JThpjjzABADZB590C8OiCR1DGXReMiztOZCJBoZCVuZA7yDKk3TEEqH86zL4zjEaiEl63nuJXJbJycdUH1dFTVU2S5otBsZA1ZBEO3q9ZBl0dj1BUYsEfezZAA0YWomq7EHGsjOk1Dkm7yeEr9cE2G0hbmYBAtHgNFeIddWIYlAZDZD&search_terms=''&ad_type=POLITICAL_AND_ISSUE_ADS&ad_reached_countries=['DK']&ad_delivery_date_min=2018-05-07&fields=['page_id', 'page_name', 'bylines', 'ad_creative_bodies', 'ad_delivery_start_time', 'ad_delivery_stop_time', 'ad_snapshot_url', 'demographic_distribution', 'delivery_by_region', 'estimated_audience_size', 'publisher_platforms', 'spend', 'currency', 'impressions']&limit=500&after=c2NyYXBpbmdfY3Vyc29yOk1UWTJOVEUxTVRVNU16bzFPRFU1T0RZAd05EazVNemcwTVRjPQZDZD.
Sleeping for 20.0 mins. Retries: 0
2022-10-21 23:37:21.233 | DEBUG    | __main__:request_ads_handle_errors:28 - Retries: 1
2022-10-21 23:42:40.800 | DEBUG    | __main__:request_ads_handle_errors:17 - ERROR: Please reduce the amount of data you're asking for, then retry your request at https://graph.facebook.com/v15.0/ads_archive?access_token=EAB0JThpjjzABADZB590C8OiCR1DGXReMiztOZCJBoZCVuZA7yDKk3TEEqH86zL4zjEaiEl63nuJXJbJycdUH1dFTVU2S5otBsZA1ZBEO3q9ZBl0dj1BUYsEfezZAA0YWomq7EHGsjOk1Dkm7yeEr9cE2G0hbmYBAtHgNFeIddWIYlAZDZD&search_terms=''&ad_type=POLITICAL_AND_ISSUE_ADS&ad_reached_countries=['DK']&ad_delivery_date_min=2018-05-07&fields=['page_id', 'page_name', 'bylines', 'ad_creative_bodies', 'ad_delivery_start_time', 'ad_delivery_stop_time', 'ad_snapshot_url', 'demographic_distribution', 'delivery_by_region', 'estimated_audience_size', 'publisher_platforms', 'spend', 'currency', 'impressions']&limit=500&after=c2NyYXBpbmdfY3Vyc29yOk1UWTFPVGsxTVRJME56bzFPRFkzTURVek5USTVPRE14TkRrPQZDZD.
Sleeping for 20.0 mins. Retries: 0
2022-10-22 00:02:51.009 | DEBUG    | __main__:request_ads_handle_errors:28 - Retries: 1
2022-10-22 00:03:15.566 | DEBUG    | __main__:request_ads_handle_errors:17 - ERROR: Please reduce the amount of data you're asking for, then retry your request at https://graph.facebook.com/v15.0/ads_archive?access_token=EAB0JThpjjzABADZB590C8OiCR1DGXReMiztOZCJBoZCVuZA7yDKk3TEEqH86zL4zjEaiEl63nuJXJbJycdUH1dFTVU2S5otBsZA1ZBEO3q9ZBl0dj1BUYsEfezZAA0YWomq7EHGsjOk1Dkm7yeEr9cE2G0hbmYBAtHgNFeIddWIYlAZDZD&search_terms=''&ad_type=POLITICAL_AND_ISSUE_ADS&ad_reached_countries=['DK']&ad_delivery_date_min=2018-05-07&fields=['page_id', 'page_name', 'bylines', 'ad_creative_bodies', 'ad_delivery_start_time', 'ad_delivery_stop_time', 'ad_snapshot_url', 'demographic_distribution', 'delivery_by_region', 'estimated_audience_size', 'publisher_platforms', 'spend', 'currency', 'impressions']&limit=500&after=c2NyYXBpbmdfY3Vyc29yOk1UWTFPVEkyTmpVM05EbzBOREE1T0RVNE5UUTJNRFUxTWpnPQZDZD.
Sleeping for 20.0 mins. Retries: 0
2022-10-22 00:23:25.598 | DEBUG    | __main__:request_ads_handle_errors:28 - Retries: 1
2022-10-22 00:26:29.184 | DEBUG    | __main__:request_ads_handle_errors:17 - ERROR: Please reduce the amount of data you're asking for, then retry your request at https://graph.facebook.com/v15.0/ads_archive?access_token=EAB0JThpjjzABADZB590C8OiCR1DGXReMiztOZCJBoZCVuZA7yDKk3TEEqH86zL4zjEaiEl63nuJXJbJycdUH1dFTVU2S5otBsZA1ZBEO3q9ZBl0dj1BUYsEfezZAA0YWomq7EHGsjOk1Dkm7yeEr9cE2G0hbmYBAtHgNFeIddWIYlAZDZD&search_terms=''&ad_type=POLITICAL_AND_ISSUE_ADS&ad_reached_countries=['DK']&ad_delivery_date_min=2018-05-07&fields=['page_id', 'page_name', 'bylines', 'ad_creative_bodies', 'ad_delivery_start_time', 'ad_delivery_stop_time', 'ad_snapshot_url', 'demographic_distribution', 'delivery_by_region', 'estimated_audience_size', 'publisher_platforms', 'spend', 'currency', 'impressions']&limit=500&after=c2NyYXBpbmdfY3Vyc29yOk1UWTFOREEyTnpneE5qb3hNRFkzTlRneU9USTNNalkyTURNeQZDZD.
Sleeping for 20.0 mins. Retries: 0
2022-10-22 00:46:38.660 | DEBUG    | __main__:request_ads_handle_errors:28 - Retries: 1
2022-10-22 01:06:47.673 | DEBUG    | __main__:request_ads_handle_errors:28 - Retries: 2
2022-10-22 01:26:57.919 | DEBUG    | __main__:request_ads_handle_errors:28 - Retries: 3
2022-10-22 01:27:12.954 | DEBUG    | __main__:request_ads_handle_errors:17 - ERROR: Please reduce the amount of data you're asking for, then retry your request at https://graph.facebook.com/v15.0/ads_archive?access_token=EAB0JThpjjzABADZB590C8OiCR1DGXReMiztOZCJBoZCVuZA7yDKk3TEEqH86zL4zjEaiEl63nuJXJbJycdUH1dFTVU2S5otBsZA1ZBEO3q9ZBl0dj1BUYsEfezZAA0YWomq7EHGsjOk1Dkm7yeEr9cE2G0hbmYBAtHgNFeIddWIYlAZDZD&search_terms=''&ad_type=POLITICAL_AND_ISSUE_ADS&ad_reached_countries=['DK']&ad_delivery_date_min=2018-05-07&fields=['page_id', 'page_name', 'bylines', 'ad_creative_bodies', 'ad_delivery_start_time', 'ad_delivery_stop_time', 'ad_snapshot_url', 'demographic_distribution', 'delivery_by_region', 'estimated_audience_size', 'publisher_platforms', 'spend', 'currency', 'impressions']&limit=500&after=c2NyYXBpbmdfY3Vyc29yOk1UWTFNemcxTnpneE1Eb3pOemM1TlRNMk9ERXdOalF6T0RJPQZDZD.
Sleeping for 20.0 mins. Retries: 0
2022-10-22 01:47:21.671 | DEBUG    | __main__:request_ads_handle_errors:28 - Retries: 1
2022-10-22 01:47:48.411 | DEBUG    | __main__:request_ads_handle_errors:17 - ERROR: Please reduce the amount of data you're asking for, then retry your request at https://graph.facebook.com/v15.0/ads_archive?access_token=EAB0JThpjjzABADZB590C8OiCR1DGXReMiztOZCJBoZCVuZA7yDKk3TEEqH86zL4zjEaiEl63nuJXJbJycdUH1dFTVU2S5otBsZA1ZBEO3q9ZBl0dj1BUYsEfezZAA0YWomq7EHGsjOk1Dkm7yeEr9cE2G0hbmYBAtHgNFeIddWIYlAZDZD&search_terms=''&ad_type=POLITICAL_AND_ISSUE_ADS&ad_reached_countries=['DK']&ad_delivery_date_min=2018-05-07&fields=['page_id', 'page_name', 'bylines', 'ad_creative_bodies', 'ad_delivery_start_time', 'ad_delivery_stop_time', 'ad_snapshot_url', 'demographic_distribution', 'delivery_by_region', 'estimated_audience_size', 'publisher_platforms', 'spend', 'currency', 'impressions']&limit=500&after=c2NyYXBpbmdfY3Vyc29yOk1UWTFNek13T0RRM09UbzFPVEkwTWpneU1qRTVOREl3TURnPQZDZD.
Sleeping for 20.0 mins. Retries: 0
2022-10-22 02:07:58.503 | DEBUG    | __main__:request_ads_handle_errors:28 - Retries: 1
2022-10-22 02:28:06.762 | DEBUG    | __main__:request_ads_handle_errors:28 - Retries: 2
2022-10-22 02:48:37.253 | DEBUG    | __main__:request_ads_handle_errors:28 - Retries: 3
2022-10-22 09:00:01.614 | INFO     | __main__:<module>:19 - Calling Meta API...
2022-10-22 09:11:20.869 | DEBUG    | __main__:request_ads_handle_errors:17 - ERROR: Please reduce the amount of data you're asking for, then retry your request at https://graph.facebook.com/v15.0/ads_archive?access_token=EAB0JThpjjzABADZB590C8OiCR1DGXReMiztOZCJBoZCVuZA7yDKk3TEEqH86zL4zjEaiEl63nuJXJbJycdUH1dFTVU2S5otBsZA1ZBEO3q9ZBl0dj1BUYsEfezZAA0YWomq7EHGsjOk1Dkm7yeEr9cE2G0hbmYBAtHgNFeIddWIYlAZDZD&search_terms=''&ad_type=POLITICAL_AND_ISSUE_ADS&ad_reached_countries=['DK']&ad_delivery_date_min=2018-05-07&fields=['page_id', 'page_name', 'bylines', 'ad_creative_bodies', 'ad_delivery_start_time', 'ad_delivery_stop_time', 'ad_snapshot_url', 'demographic_distribution', 'delivery_by_region', 'estimated_audience_size', 'publisher_platforms', 'spend', 'currency', 'impressions']&limit=500&after=c2NyYXBpbmdfY3Vyc29yOk1UWTFNemMwT1RrME5Eb3pPREkwTWpZANU1qQXpORGswTnpZAPQZDZD.
Sleeping for 20.0 mins. Retries: 0
2022-10-22 09:16:20.335 | INFO     | __main__:<module>:19 - Calling Meta API...
2022-10-22 09:36:01.768 | INFO     | __main__:<module>:19 - Calling Meta API...
2022-10-22 10:23:37.314 | INFO     | __main__:<module>:19 - Calling Meta API...
2022-10-22 10:41:27.124 | INFO     | __main__:<module>:19 - Calling Meta API...
2022-10-22 10:44:38.586 | INFO     | __main__:<module>:19 - Calling Meta API...
2022-10-22 10:47:25.437 | DEBUG    | __main__:request_ads_handle_errors:21 - ERROR: Please reduce the amount of data you're asking for, then retry your request at https://graph.facebook.com/v15.0/ads_archive?access_token=EAB0JThpjjzABADZB590C8OiCR1DGXReMiztOZCJBoZCVuZA7yDKk3TEEqH86zL4zjEaiEl63nuJXJbJycdUH1dFTVU2S5otBsZA1ZBEO3q9ZBl0dj1BUYsEfezZAA0YWomq7EHGsjOk1Dkm7yeEr9cE2G0hbmYBAtHgNFeIddWIYlAZDZD&search_terms=''&ad_type=POLITICAL_AND_ISSUE_ADS&ad_reached_countries=['DK']&ad_delivery_date_min=2018-05-07&fields=['page_id', 'page_name', 'bylines', 'ad_creative_bodies', 'ad_delivery_start_time', 'ad_delivery_stop_time', 'ad_snapshot_url', 'demographic_distribution', 'delivery_by_region', 'estimated_audience_size', 'publisher_platforms', 'spend', 'currency', 'impressions']&limit=1000&after=c2NyYXBpbmdfY3Vyc29yOk1UWTJNemt5TXpVMU1UbzRNREEyTmpNeE5EYzVNamM0TURjPQZDZD.
Sleeping for 30.0 mins. Retries: 0
2022-10-22 11:17:36.370 | DEBUG    | __main__:request_ads_handle_errors:32 - Retries: 1
2022-10-22 11:19:09.370 | DEBUG    | __main__:request_ads_handle_errors:21 - ERROR: Please reduce the amount of data you're asking for, then retry your request at https://graph.facebook.com/v15.0/ads_archive?access_token=EAB0JThpjjzABADZB590C8OiCR1DGXReMiztOZCJBoZCVuZA7yDKk3TEEqH86zL4zjEaiEl63nuJXJbJycdUH1dFTVU2S5otBsZA1ZBEO3q9ZBl0dj1BUYsEfezZAA0YWomq7EHGsjOk1Dkm7yeEr9cE2G0hbmYBAtHgNFeIddWIYlAZDZD&search_terms=''&ad_type=POLITICAL_AND_ISSUE_ADS&ad_reached_countries=['DK']&ad_delivery_date_min=2018-05-07&fields=['page_id', 'page_name', 'bylines', 'ad_creative_bodies', 'ad_delivery_start_time', 'ad_delivery_stop_time', 'ad_snapshot_url', 'demographic_distribution', 'delivery_by_region', 'estimated_audience_size', 'publisher_platforms', 'spend', 'currency', 'impressions']&limit=1000&after=c2NyYXBpbmdfY3Vyc29yOk1UWTJNVFF6TmpnNU56bzBOREkxTlRFMk5UUTBOekl6TXpRPQZDZD.
Sleeping for 30.0 mins. Retries: 0
2022-10-22 11:49:19.464 | DEBUG    | __main__:request_ads_handle_errors:32 - Retries: 1
2022-10-22 11:49:33.136 | DEBUG    | __main__:request_ads_handle_errors:21 - ERROR: Please reduce the amount of data you're asking for, then retry your request at https://graph.facebook.com/v15.0/ads_archive?access_token=EAB0JThpjjzABADZB590C8OiCR1DGXReMiztOZCJBoZCVuZA7yDKk3TEEqH86zL4zjEaiEl63nuJXJbJycdUH1dFTVU2S5otBsZA1ZBEO3q9ZBl0dj1BUYsEfezZAA0YWomq7EHGsjOk1Dkm7yeEr9cE2G0hbmYBAtHgNFeIddWIYlAZDZD&search_terms=''&ad_type=POLITICAL_AND_ISSUE_ADS&ad_reached_countries=['DK']&ad_delivery_date_min=2018-05-07&fields=['page_id', 'page_name', 'bylines', 'ad_creative_bodies', 'ad_delivery_start_time', 'ad_delivery_stop_time', 'ad_snapshot_url', 'demographic_distribution', 'delivery_by_region', 'estimated_audience_size', 'publisher_platforms', 'spend', 'currency', 'impressions']&limit=1000&after=c2NyYXBpbmdfY3Vyc29yOk1UWTJNVEF4TXpJMU9Ub3hNalE1TXpreE1EUTVNVFE1T0RJeAZDZD.
Sleeping for 30.0 mins. Retries: 0
2022-10-22 12:19:42.665 | DEBUG    | __main__:request_ads_handle_errors:32 - Retries: 1
2022-10-22 12:20:15.563 | DEBUG    | __main__:request_ads_handle_errors:21 - ERROR: Please reduce the amount of data you're asking for, then retry your request at https://graph.facebook.com/v15.0/ads_archive?access_token=EAB0JThpjjzABADZB590C8OiCR1DGXReMiztOZCJBoZCVuZA7yDKk3TEEqH86zL4zjEaiEl63nuJXJbJycdUH1dFTVU2S5otBsZA1ZBEO3q9ZBl0dj1BUYsEfezZAA0YWomq7EHGsjOk1Dkm7yeEr9cE2G0hbmYBAtHgNFeIddWIYlAZDZD&search_terms=''&ad_type=POLITICAL_AND_ISSUE_ADS&ad_reached_countries=['DK']&ad_delivery_date_min=2018-05-07&fields=['page_id', 'page_name', 'bylines', 'ad_creative_bodies', 'ad_delivery_start_time', 'ad_delivery_stop_time', 'ad_snapshot_url', 'demographic_distribution', 'delivery_by_region', 'estimated_audience_size', 'publisher_platforms', 'spend', 'currency', 'impressions']&limit=1000&after=c2NyYXBpbmdfY3Vyc29yOk1UWTJNREV6TXpjMU56bzBOalF4TkRnME56RTVOekEzT1RNPQZDZD.
Sleeping for 30.0 mins. Retries: 0
2022-10-22 12:50:21.571 | DEBUG    | __main__:request_ads_handle_errors:32 - Retries: 1
2022-10-22 12:56:50.929 | INFO     | __main__:<module>:19 - Calling Meta API...
2022-10-22 13:00:36.409 | DEBUG    | __main__:request_ads_handle_errors:21 - ERROR: Please reduce the amount of data you're asking for, then retry your request at https://graph.facebook.com/v15.0/ads_archive?access_token=EAB0JThpjjzABADZB590C8OiCR1DGXReMiztOZCJBoZCVuZA7yDKk3TEEqH86zL4zjEaiEl63nuJXJbJycdUH1dFTVU2S5otBsZA1ZBEO3q9ZBl0dj1BUYsEfezZAA0YWomq7EHGsjOk1Dkm7yeEr9cE2G0hbmYBAtHgNFeIddWIYlAZDZD&search_terms=''&ad_type=POLITICAL_AND_ISSUE_ADS&ad_reached_countries=['DK']&ad_delivery_date_min=2018-05-07&fields=['page_id', 'page_name', 'bylines', 'ad_creative_bodies', 'ad_delivery_start_time', 'ad_delivery_stop_time', 'ad_snapshot_url', 'demographic_distribution', 'delivery_by_region', 'estimated_audience_size', 'publisher_platforms', 'spend', 'currency', 'impressions']&limit=1000&after=c2NyYXBpbmdfY3Vyc29yOk1UWTJNemt5T1RneU1UbzJNamMxTWpRMk1EVTJNell6TXpNPQZDZD.
Sleeping for 60.0 mins. Retries: 0
2022-10-22 13:10:44.881 | INFO     | __main__:<module>:19 - Calling Meta API...
