2022-09-18 18:27:21.331 | INFO     | utils.twitter_utils:collect_all_user_tweets:93 - Beginning collection...
2022-09-18 18:44:41.084 | ERROR    | utils.twitter_utils:collect_all_user_tweets:103 - TweepyException! Unable to collect tweets for @SchaldemoseMEP
2022-09-18 19:00:09.559 | ERROR    | utils.twitter_utils:collect_all_user_tweets:103 - TweepyException! Unable to collect tweets for @DanielPrehn1
2022-09-18 19:15:36.899 | ERROR    | utils.twitter_utils:collect_all_user_tweets:103 - TweepyException! Unable to collect tweets for @DennisSchmock
2022-09-18 19:31:06.954 | ERROR    | utils.twitter_utils:collect_all_user_tweets:103 - TweepyException! Unable to collect tweets for @LotteRod
2022-09-18 19:46:34.951 | ERROR    | utils.twitter_utils:collect_all_user_tweets:103 - TweepyException! Unable to collect tweets for @LiseBech
2022-09-18 19:48:54.654 | ERROR    | utils.twitter_utils:collect_all_user_tweets:103 - NotFound! Unable to collect tweets for @OleRevsgaard
2022-09-18 20:02:25.179 | ERROR    | utils.twitter_utils:collect_all_user_tweets:103 - TweepyException! Unable to collect tweets for @TommyPetersenDK
2022-09-18 20:18:34.181 | ERROR    | utils.twitter_utils:collect_all_user_tweets:103 - TweepyException! Unable to collect tweets for @JeppeBruus
2022-09-18 20:34:31.775 | ERROR    | utils.twitter_utils:collect_all_user_tweets:103 - TweepyException! Unable to collect tweets for @regeringDK
2022-09-18 20:50:02.781 | ERROR    | utils.twitter_utils:collect_all_user_tweets:103 - TweepyException! Unable to collect tweets for @aahlers
2022-09-18 21:06:00.884 | ERROR    | utils.twitter_utils:collect_all_user_tweets:103 - TweepyException! Unable to collect tweets for @uffeelbaek
2022-09-18 21:09:50.316 | ERROR    | utils.twitter_utils:collect_all_user_tweets:103 - NotFound! Unable to collect tweets for @BodilKornbek
2022-09-18 21:21:36.315 | ERROR    | utils.twitter_utils:collect_all_user_tweets:103 - TweepyException! Unable to collect tweets for @JeppeKofod
2022-09-18 21:37:04.468 | ERROR    | utils.twitter_utils:collect_all_user_tweets:103 - TweepyException! Unable to collect tweets for @rikkelau
2022-09-18 21:52:33.191 | ERROR    | utils.twitter_utils:collect_all_user_tweets:103 - TweepyException! Unable to collect tweets for @LauraRosenvinge
2022-09-18 22:08:37.319 | ERROR    | utils.twitter_utils:collect_all_user_tweets:103 - TweepyException! Unable to collect tweets for @politikerpip
2022-09-18 22:10:33.324 | ERROR    | utils.twitter_utils:collect_all_user_tweets:103 - NotFound! Unable to collect tweets for @skaarup_df
2022-09-18 22:24:06.744 | ERROR    | utils.twitter_utils:collect_all_user_tweets:103 - TweepyException! Unable to collect tweets for @fatmaoektem
2022-09-18 22:39:54.127 | ERROR    | utils.twitter_utils:collect_all_user_tweets:103 - TweepyException! Unable to collect tweets for @Enthybo
2022-09-18 22:56:55.590 | ERROR    | utils.twitter_utils:collect_all_user_tweets:103 - TweepyException! Unable to collect tweets for @KaareDybvad
2022-09-18 23:13:10.609 | ERROR    | utils.twitter_utils:collect_all_user_tweets:103 - TweepyException! Unable to collect tweets for @MogensGade
2022-09-18 23:28:38.114 | ERROR    | utils.twitter_utils:collect_all_user_tweets:103 - TweepyException! Unable to collect tweets for @JerkelK
2022-09-18 23:44:12.187 | ERROR    | utils.twitter_utils:collect_all_user_tweets:103 - TweepyException! Unable to collect tweets for @Mich_Ziegler
2022-09-18 23:59:41.611 | ERROR    | utils.twitter_utils:collect_all_user_tweets:103 - TweepyException! Unable to collect tweets for @JThulesen
2022-09-19 00:01:32.807 | ERROR    | utils.twitter_utils:collect_all_user_tweets:103 - NotFound! Unable to collect tweets for @MartinH_DF
2022-09-19 00:15:10.650 | ERROR    | utils.twitter_utils:collect_all_user_tweets:103 - TweepyException! Unable to collect tweets for @SandKjaer
2022-09-19 00:30:38.844 | ERROR    | utils.twitter_utils:collect_all_user_tweets:103 - TweepyException! Unable to collect tweets for @stinuslindgreen
2022-09-19 00:46:13.526 | ERROR    | utils.twitter_utils:collect_all_user_tweets:103 - TweepyException! Unable to collect tweets for @engelschmidt
2022-09-19 01:01:40.761 | ERROR    | utils.twitter_utils:collect_all_user_tweets:103 - TweepyException! Unable to collect tweets for @AlexVanopslagh
2022-09-19 01:17:10.000 | ERROR    | utils.twitter_utils:collect_all_user_tweets:103 - TweepyException! Unable to collect tweets for @mortenhelveg
2022-09-19 01:32:42.613 | ERROR    | utils.twitter_utils:collect_all_user_tweets:103 - TweepyException! Unable to collect tweets for @amgeisler
2022-09-19 01:48:10.937 | ERROR    | utils.twitter_utils:collect_all_user_tweets:103 - TweepyException! Unable to collect tweets for @AndersKronborg
2022-09-19 02:03:40.474 | ERROR    | utils.twitter_utils:collect_all_user_tweets:103 - TweepyException! Unable to collect tweets for @KHegaard
2022-09-19 02:19:09.249 | ERROR    | utils.twitter_utils:collect_all_user_tweets:103 - TweepyException! Unable to collect tweets for @_MaiMercado
2022-09-19 02:34:38.156 | ERROR    | utils.twitter_utils:collect_all_user_tweets:103 - TweepyException! Unable to collect tweets for @DanmarksNatur
2022-09-19 02:50:08.186 | ERROR    | utils.twitter_utils:collect_all_user_tweets:103 - TweepyException! Unable to collect tweets for @HanneRoed
2022-09-19 03:05:36.539 | ERROR    | utils.twitter_utils:collect_all_user_tweets:103 - TweepyException! Unable to collect tweets for @Susanne_Zimmer_
2022-09-19 03:21:04.390 | ERROR    | utils.twitter_utils:collect_all_user_tweets:103 - TweepyException! Unable to collect tweets for @FasaelRehman
2022-09-19 03:36:36.156 | ERROR    | utils.twitter_utils:collect_all_user_tweets:103 - TweepyException! Unable to collect tweets for @sfBalder
2022-09-19 03:52:05.253 | ERROR    | utils.twitter_utils:collect_all_user_tweets:103 - TweepyException! Unable to collect tweets for @ClHalv
2022-09-19 03:52:33.908 | ERROR    | utils.twitter_utils:collect_all_user_tweets:103 - Unauthorized! Unable to collect tweets for @OehlenschlagerM
2022-09-19 03:53:58.782 | ERROR    | utils.twitter_utils:collect_all_user_tweets:103 - Unauthorized! Unable to collect tweets for @flemse68
2022-09-19 04:22:35.823 | ERROR    | utils.twitter_utils:collect_all_user_tweets:103 - TweepyException! Unable to collect tweets for @nikogrunfeld
2022-09-19 04:38:03.788 | ERROR    | utils.twitter_utils:collect_all_user_tweets:103 - TweepyException! Unable to collect tweets for @AajaCL
2022-09-19 04:41:22.407 | ERROR    | utils.twitter_utils:collect_all_user_tweets:103 - NotFound! Unable to collect tweets for @radiaklungdom
2022-09-19 04:41:36.183 | ERROR    | utils.twitter_utils:collect_all_user_tweets:103 - NotFound! Unable to collect tweets for @LibaralAlliance
2022-09-19 04:53:32.368 | ERROR    | utils.twitter_utils:collect_all_user_tweets:103 - TweepyException! Unable to collect tweets for @Spolitik
2022-09-19 05:02:25.930 | INFO     | utils.twitter_utils:collect_all_user_tweets:105 - Collection completed for 726 twitter handles!
